<?xml version="1.0" encoding="UTF-8"?>
<!-- Generated by org.testng.reporters.JUnitReportReporter -->
<testsuite hostname="SUCSekhar98" failures="0" tests="1" name="UmaSangada.SeleniumConcepts.Selenium_Static_dropdowns" time="5.059" errors="0" timestamp="2024-08-18T11:19:31 IST" skipped="0">
  <testcase classname="UmaSangada.SeleniumConcepts.Selenium_Static_dropdowns" name="test" time="5.059"/>
</testsuite> <!-- UmaSangada.SeleniumConcepts.Selenium_Static_dropdowns -->
