<?xml version="1.0" encoding="UTF-8"?>
<!-- Generated by org.testng.reporters.JUnitReportReporter -->
<testsuite hostname="SUCSekhar98" failures="0" tests="1" name="strings.Vowels_and_Consonants" time="0.020" errors="0" timestamp="2025-04-08T11:25:18 IST" skipped="0">
  <testcase classname="strings.Vowels_and_Consonants" name="mock" time="0.020"/>
</testsuite> <!-- strings.Vowels_and_Consonants -->
