<?xml version="1.0" encoding="UTF-8"?>
<!-- Generated by org.testng.reporters.JUnitReportReporter -->
<testsuite hostname="SUCSekhar98" failures="0" tests="1" name="kjhgf.practice" time="0.016" errors="0" timestamp="2025-04-08T12:39:26 IST" skipped="0">
  <testcase classname="kjhgf.practice" name="mock" time="0.016"/>
</testsuite> <!-- kjhgf.practice -->
