<?xml version="1.0" encoding="UTF-8"?>
<!-- Generated by org.testng.reporters.JUnitReportReporter -->
<testsuite hostname="SUCSekhar98" failures="0" tests="1" name="strings.practices" time="0.014" errors="0" timestamp="2025-04-04T11:02:16 IST" skipped="0">
  <testcase classname="strings.practices" name="validate" time="0.014"/>
</testsuite> <!-- strings.practices -->
